#
# There is insufficient memory for the Java Runtime Environment to continue.
# Native memory allocation (malloc) failed to allocate 32744 bytes for ChunkPool::allocate
# Possible reasons:
#   The system is out of physical RAM or swap space
#   In 32 bit mode, the process size limit was hit
# Possible solutions:
#   Reduce memory load on the system
#   Increase physical memory or swap space
#   Check if swap backing store is full
#   Use 64 bit Java on a 64 bit OS
#   Decrease Java heap size (-Xmx/-Xms)
#   Decrease number of Java threads
#   Decrease Java thread stack sizes (-Xss)
#   Set larger code cache with -XX:ReservedCodeCacheSize=
# This output file may be truncated or incomplete.
#
#  Out of Memory Error (allocation.cpp:273), pid=4112, tid=0x00000000000030a4
#
# JRE version: Java(TM) SE Runtime Environment (8.0_172-b11) (build 1.8.0_172-b11)
# Java VM: Java HotSpot(TM) 64-Bit Server VM (25.172-b11 mixed mode windows-amd64 compressed oops)
# Failed to write core dump. Minidumps are not enabled by default on client versions of Windows
#

---------------  T H R E A D  ---------------

Current thread (0x000000001e3ed000):  JavaThread "C2 CompilerThread1" daemon [_thread_in_vm, id=12452, stack(0x000000001fa00000,0x000000001fb00000)]

Stack: [0x000000001fa00000,0x000000001fb00000]
[error occurred during error reporting (printing stack bounds), id 0xc0000005]

Native frames: (J=compiled Java code, j=interpreted, Vv=VM code, C=native code)


---------------  P R O C E S S  ---------------

Java Threads: ( => current thread )
  0x000000001e4b7000 JavaThread "Service Thread" daemon [_thread_blocked, id=17000, stack(0x000000001fd00000,0x000000001fe00000)]
  0x000000001e43b000 JavaThread "C1 CompilerThread3" daemon [_thread_in_vm, id=20096, stack(0x000000001fc00000,0x000000001fd00000)]
  0x000000001e3ee000 JavaThread "C2 CompilerThread2" daemon [_thread_blocked, id=19904, stack(0x000000001fb00000,0x000000001fc00000)]
=>0x000000001e3ed000 JavaThread "C2 CompilerThread1" daemon [_thread_in_vm, id=12452, stack(0x000000001fa00000,0x000000001fb00000)]
  0x000000001e40e800 JavaThread "C2 CompilerThread0" daemon [_thread_blocked, id=18924, stack(0x000000001f900000,0x000000001fa00000)]
  0x000000001e3c8000 JavaThread "Monitor Ctrl-Break" daemon [_thread_in_native, id=17288, stack(0x000000001f800000,0x000000001f900000)]
  0x000000001ca89000 JavaThread "Attach Listener" daemon [_thread_blocked, id=8576, stack(0x000000001f600000,0x000000001f700000)]
  0x000000001ca88000 JavaThread "Signal Dispatcher" daemon [_thread_blocked, id=27932, stack(0x000000001f500000,0x000000001f600000)]
  0x000000001ca83800 JavaThread "Finalizer" daemon [_thread_blocked, id=12688, stack(0x000000001f3a0000,0x000000001f4a0000)]
  0x000000001ca7c800 JavaThread "Reference Handler" daemon [_thread_blocked, id=29812, stack(0x000000001f2a0000,0x000000001f3a0000)]
  0x0000000002d24000 JavaThread "main" [_thread_in_Java, id=7884, stack(0x0000000002a90000,0x0000000002b90000)]

Other Threads:
  0x0000000002e1b800 VMThread [stack: 0x000000001f1a0000,0x000000001f2a0000] [id=20912]

VM state:not at safepoint (normal execution)

VM Mutex/Monitor currently owned by a thread: None

Heap:
 PSYoungGen      total 76288K, used 3932K [0x000000076b180000, 0x0000000770680000, 0x00000007c0000000)
  eden space 65536K, 6% used [0x000000076b180000,0x000000076b5571c0,0x000000076f180000)
  from space 10752K, 0% used [0x000000076fc00000,0x000000076fc00000,0x0000000770680000)
  to   space 10752K, 0% used [0x000000076f180000,0x000000076f180000,0x000000076fc00000)
 ParOldGen       total 175104K, used 0K [0x00000006c1400000, 0x00000006cbf00000, 0x000000076b180000)
  object space 175104K, 0% used [0x00000006c1400000,0x00000006c1400000,0x00000006cbf00000)
 Metaspace       used 3437K, capacity 4494K, committed 4864K, reserved 1056768K
  class space    used 376K, capacity 386K, committed 512K, reserved 1048576K

Card table byte_map: [0x00000000121e0000,0x00000000129e0000] byte_map_base: 0x000000000ebd6000

Marking Bits: (ParMarkBitMap*) 0x0000000069ce3c10
 Begin Bits: [0x0000000013930000, 0x00000000178e0000)
 End Bits:   [0x00000000178e0000, 0x000000001b890000)

Polling page: 0x0000000000880000

CodeCache: size=245760Kb used=1051Kb max_used=1060Kb free=244708Kb
 bounds [0x0000000002e20000, 0x0000000003090000, 0x0000000011e20000]
 total_blobs=216 nmethods=1 adapters=160
 compilation: enabled

Compilation events (0 events):
No events

GC Heap History (0 events):
No events

Deoptimization events (0 events):
No events

Classes redefined (0 events):
No events

Internal exceptions (2 events):
Event: 0.024 Thread 0x0000000002d24000 Exception <a 'java/lang/NoSuchMethodError': Method sun.misc.Unsafe.defineClass(Ljava/lang/String;[BII)Ljava/lang/Class; name or signature does not match> (0x000000076b187cb0) thrown at [C:\re\workspace\8-2-build-windows-amd64-cygwin\jdk8u172\10810\hotspot
Event: 0.024 Thread 0x0000000002d24000 Exception <a 'java/lang/NoSuchMethodError': Method sun.misc.Unsafe.prefetchRead(Ljava/lang/Object;J)V name or signature does not match> (0x000000076b187f98) thrown at [C:\re\workspace\8-2-build-windows-amd64-cygwin\jdk8u172\10810\hotspot\src\share\vm\prim

Events (10 events):
Event: 0.094 loading class java/lang/invoke/MethodHandleImpl
Event: 0.094 loading class java/net/InetSocketAddress
Event: 0.094 loading class java/net/SocketAddress
Event: 0.094 loading class java/net/SocketAddress done
Event: 0.094 loading class java/net/InetSocketAddress done
Event: 0.094 loading class java/net/InetAddress
Event: 0.094 loading class java/lang/invoke/MethodHandleImpl done
Event: 0.095 loading class java/lang/invoke/MethodHandleImpl$1
Event: 0.095 loading class java/lang/invoke/MethodHandleImpl$1 done
Event: 0.095 loading class java/lang/invoke/MethodHandleImpl$2


Dynamic libraries:
0x00007ff7b1100000 - 0x00007ff7b1137000 	E:\jdk1.8\bin\java.exe
0x00007ffb63e40000 - 0x00007ffb6402d000 	C:\Windows\SYSTEM32\ntdll.dll
0x00007ffb61110000 - 0x00007ffb611c3000 	C:\Windows\System32\KERNEL32.DLL
0x00007ffb602b0000 - 0x00007ffb60543000 	C:\Windows\System32\KERNELBASE.dll
0x00007ffb614d0000 - 0x00007ffb61573000 	C:\Windows\System32\ADVAPI32.dll
0x00007ffb61070000 - 0x00007ffb6110e000 	C:\Windows\System32\msvcrt.dll
0x00007ffb63730000 - 0x00007ffb637ce000 	C:\Windows\System32\sechost.dll
0x00007ffb61c20000 - 0x00007ffb61d42000 	C:\Windows\System32\RPCRT4.dll
0x00007ffb63b40000 - 0x00007ffb63cd7000 	C:\Windows\System32\USER32.dll
0x00007ffb60e10000 - 0x00007ffb60e30000 	C:\Windows\System32\win32u.dll
0x00007ffb61b70000 - 0x00007ffb61b99000 	C:\Windows\System32\GDI32.dll
0x00007ffb60110000 - 0x00007ffb602a9000 	C:\Windows\System32\gdi32full.dll
0x00007ffb60550000 - 0x00007ffb605f0000 	C:\Windows\System32\msvcp_win.dll
0x00007ffb60010000 - 0x00007ffb6010a000 	C:\Windows\System32\ucrtbase.dll
0x00007ffb557e0000 - 0x00007ffb55a59000 	C:\Windows\WinSxS\amd64_microsoft.windows.common-controls_6595b64144ccf1df_6.0.17763.802_none_05b1445c0722d2cc\COMCTL32.dll
0x00007ffb61d60000 - 0x00007ffb6208c000 	C:\Windows\System32\combase.dll
0x00007ffb5ff30000 - 0x00007ffb5ffae000 	C:\Windows\System32\bcryptPrimitives.dll
0x00007ffb63b10000 - 0x00007ffb63b3e000 	C:\Windows\System32\IMM32.DLL
0x0000000069d70000 - 0x0000000069e42000 	E:\jdk1.8\jre\bin\msvcr100.dll
0x00000000694c0000 - 0x0000000069d63000 	E:\jdk1.8\jre\bin\server\jvm.dll
0x00007ffb61060000 - 0x00007ffb61068000 	C:\Windows\System32\PSAPI.DLL
0x00007ffb58ee0000 - 0x00007ffb58ee9000 	C:\Windows\SYSTEM32\WSOCK32.dll
0x00007ffb5dd10000 - 0x00007ffb5dd34000 	C:\Windows\SYSTEM32\WINMM.dll
0x00007ffb5a770000 - 0x00007ffb5a77a000 	C:\Windows\SYSTEM32\VERSION.dll
0x00007ffb635f0000 - 0x00007ffb6365d000 	C:\Windows\System32\WS2_32.dll
0x00007ffb5dcb0000 - 0x00007ffb5dcdd000 	C:\Windows\SYSTEM32\WINMMBASE.dll
0x00007ffb61010000 - 0x00007ffb6105a000 	C:\Windows\System32\cfgmgr32.dll
0x000000006b190000 - 0x000000006b19f000 	E:\jdk1.8\jre\bin\verify.dll
0x000000006b160000 - 0x000000006b189000 	E:\jdk1.8\jre\bin\java.dll
0x000000006b110000 - 0x000000006b133000 	E:\jdk1.8\jre\bin\instrument.dll
0x000000006b140000 - 0x000000006b156000 	E:\jdk1.8\jre\bin\zip.dll
0x00007ffb620f0000 - 0x00007ffb635e4000 	C:\Windows\System32\SHELL32.dll
0x00007ffb61420000 - 0x00007ffb614c8000 	C:\Windows\System32\shcore.dll
0x00007ffb605f0000 - 0x00007ffb60d3d000 	C:\Windows\System32\windows.storage.dll
0x00007ffb5feb0000 - 0x00007ffb5fed4000 	C:\Windows\System32\profapi.dll
0x00007ffb5fe50000 - 0x00007ffb5fead000 	C:\Windows\System32\powrprof.dll
0x00007ffb638e0000 - 0x00007ffb63932000 	C:\Windows\System32\shlwapi.dll
0x00007ffb5fe30000 - 0x00007ffb5fe41000 	C:\Windows\System32\kernel.appcore.dll
0x00007ffb60df0000 - 0x00007ffb60e07000 	C:\Windows\System32\cryptsp.dll
0x00007ffb48f00000 - 0x00007ffb48f1a000 	E:\jidea\IntelliJ IDEA 2019.1.2\bin\breakgen64.dll

VM Arguments:
jvm_args: -XX:TieredStopAtLevel=1 -Xverify:none -Dspring.output.ansi.enabled=always -Dcom.sun.management.jmxremote -Dspring.jmx.enabled=true -Dspring.liveBeansView.mbeanDomain -Dspring.application.admin.enabled=true -javaagent:E:\jidea\IntelliJ IDEA 2019.1.2\lib\idea_rt.jar=60597:E:\jidea\IntelliJ IDEA 2019.1.2\bin -Dfile.encoding=UTF-8 
java_command: com.example.mongolesson2.Mongolesson2Application
java_class_path (initial): E:\jdk1.8\jre\lib\charsets.jar;E:\jdk1.8\jre\lib\deploy.jar;E:\jdk1.8\jre\lib\ext\access-bridge-64.jar;E:\jdk1.8\jre\lib\ext\cldrdata.jar;E:\jdk1.8\jre\lib\ext\dnsns.jar;E:\jdk1.8\jre\lib\ext\jaccess.jar;E:\jdk1.8\jre\lib\ext\jfxrt.jar;E:\jdk1.8\jre\lib\ext\localedata.jar;E:\jdk1.8\jre\lib\ext\nashorn.jar;E:\jdk1.8\jre\lib\ext\sunec.jar;E:\jdk1.8\jre\lib\ext\sunjce_provider.jar;E:\jdk1.8\jre\lib\ext\sunmscapi.jar;E:\jdk1.8\jre\lib\ext\sunpkcs11.jar;E:\jdk1.8\jre\lib\ext\zipfs.jar;E:\jdk1.8\jre\lib\javaws.jar;E:\jdk1.8\jre\lib\jce.jar;E:\jdk1.8\jre\lib\jfr.jar;E:\jdk1.8\jre\lib\jfxswt.jar;E:\jdk1.8\jre\lib\jsse.jar;E:\jdk1.8\jre\lib\management-agent.jar;E:\jdk1.8\jre\lib\plugin.jar;E:\jdk1.8\jre\lib\resources.jar;E:\jdk1.8\jre\lib\rt.jar;D:\springProgram\mongodb_demo\mongolesson2\target\classes;E:\repository\org\springframework\boot\spring-boot-starter-web\2.2.0.RELEASE\spring-boot-starter-web-2.2.0.RELEASE.jar;E:\repository\org\springframework\boot\spring-boot-starter\2.2.0.RELEASE\spring-boot-starter-2.2.0.RELEASE.jar;E:\repository\org\springframework\boot\spring-boot\2.2.0.RELEASE\spring-boot-2.2.0.RELEASE.jar;E:\repository\org\springframework\boot\spring-boot-autoconfigure\2.2.0.RELEASE\spring-boot-autoconfigure-2.2.0.RELEASE.jar;E:\repository\org\springframework\boot\spring-boot-starter-logging\2.2.0.RELEASE\spring-boot-starter-logging-2.2.0.RELEASE.jar;E:\repository\ch\qos\logback\logback-classic\1.2.3\logback-classic-1.2.3.jar;E:\repository\ch\qos\logback\logback-core\1.2.3\logback-core-1.2.3.jar;E:\repository\org\apache\logging\log4j\log4j-to-slf4j\2.12.1\log4j-to-slf4j-2.12.1.jar;E:\repository\org\apache\logging\log4j\log4j-api\2.12.1\log4j-api-2.12.1.jar;E:\repository\org\slf4j\jul-to-slf4j\1.7.28\jul-to-slf4j-1.7.28.jar;E:\repository\jakarta\annotation\jakarta.annotation-api\1.3.5\jakarta.annotation-api-1.3.5.jar;E:\repository\org\yaml\snakeyaml\1.25\snakeyaml-1.25.jar;E:\repository\org\springframework\boot\spring-boot-starter-
Launcher Type: SUN_STANDARD

Environment Variables:
JAVA_HOME=E:\jdk1.8
CLASSPATH=.;E:\jdk1.8\lib\dt.jar;E:\jdk1.8\lib\tools.jar
PATH=E:\xftp6\;H:\软件安装区\xshell\;C:\Program Files (x86)\Common Files\Oracle\Java\javapath;C:\Windows\system32;C:\Windows;C:\Windows\System32\Wbem;C:\Windows\System32\WindowsPowerShell\v1.0\;C:\Windows\System32\OpenSSH\;C:\Program Files\NVIDIA Corporation\NVIDIA NvDLISR;E:\jdk1.8\bin;E:\jdk1.8\jre\bin;E:\mysql-8.0.17-winx64\mysql-8.0.17-winx64\bin;E:\Git\cmd;E:\maven\apache-maven-3.6.1-bin\apache-maven-3.6.1\bin;E:\node-v10.16.1-win-x64;E:\node-v10.16.1-win-x64\node_global;H:\软件区\gradle-5.5.1-all\gradle-5.5.1\bin;D:\软件区\apache-groovy-sdk-2.5.7\groovy-2.5.7\bin;H:\yarn\bin\;H:\MongoDB\bin;C:\Users\Admin\AppData\Local\Microsoft\WindowsApps;E:\jdk1.8\bin;E:\jdk1.8\jre\bin;E:\jidea\IntelliJ IDEA 2019.1.2\bin;;E:\mysql-8.0.17-winx64\mysql-8.0.17-winx64\bin;E:\maven\apache-maven-3.6.1-bin\apache-maven-3.6.1\bin;E:\apache-tomcat-9.0.22-windows-x64\apache-tomcat-9.0.22\lib;E:\apache-tomcat-9.0.22-windows-x64\apache-tomcat-9.0.22\bin;;H:\软件区\Microsoft VS Code\bin;C:\Users\Admin\AppData\Local\Yarn\bin
USERNAME=Admin
OS=Windows_NT
PROCESSOR_IDENTIFIER=Intel64 Family 6 Model 158 Stepping 10, GenuineIntel



---------------  S Y S T E M  ---------------

OS: Windows 10.0 , 64 bit Build 17763 (10.0.17763.475)

CPU:total 12 (initial active 12) (6 cores per cpu, 2 threads per core) family 6 model 158 stepping 10, cmov, cx8, fxsr, mmx, sse, sse2, sse3, ssse3, sse4.1, sse4.2, popcnt, avx, avx2, aes, clmul, erms, rtm, 3dnowpref, lzcnt, ht, tsc, tscinvbit, bmi1, bmi2, adx

Memory: 4k page, physical 16692220k(4118200k free), swap 25080828k(346596k free)

vm_info: Java HotSpot(TM) 64-Bit Server VM (25.172-b11) for windows-amd64 JRE (1.8.0_172-b11), built on Mar 28 2018 21:21:52 by "java_re" with MS VC++ 10.0 (VS2010)

time: Wed Oct 30 07:59:00 2019
elapsed time: 0 seconds (0d 0h 0m 0s)

